[INFO ] 2023-03-11 13:16:42.095 [main] CRUDWithLombok - Starting the test suite
[INFO ] 2023-03-11 13:28:05.556 [main] CRUDWithLombok - Starting the test suite
[INFO ] 2023-03-11 13:28:09.483 [main] CRUDWithLombok - Actual pet_id is 178
[DEBUG] 2023-03-11 13:28:09.483 [main] CRUDWithLombok - The actual pet_id is 178but we fount 178
[INFO ] 2023-03-11 13:50:33.453 [main] CRUDWithLombok - Starting the test suite
[INFO ] 2023-03-11 13:50:37.319 [main] CRUDWithLombok - My actual id with JayWay is 178
[INFO ] 2023-03-11 13:50:37.319 [main] CRUDWithLombok - My pet tag id with JayWay is 45
[INFO ] 2023-03-11 13:50:37.319 [main] CRUDWithLombok - Actual pet_id is 178
[DEBUG] 2023-03-11 13:50:37.319 [main] CRUDWithLombok - The actual pet_id is 178 but we fount 178
[INFO ] 2023-03-11 13:59:13.614 [main] CRUDWithLombok - Starting the test suite
[DEBUG] 2023-03-11 13:59:23.088 [main] CRUDWithLombok - The expected name is Taras Shevchenko but we fount Taras Shevchenko
[INFO ] 2023-03-11 14:05:16.656 [main] CRUDWithLombok - Starting the test suite
[DEBUG] 2023-03-11 14:05:26.281 [main] CRUDWithLombok - The expected name should be Taras Shevchenko and we fount Taras Shevchenko
[DEBUG] 2023-03-11 14:37:54.043 [main] CRUDWithLombok - The expected status should be active and we fount active
[DEBUG] 2023-03-11 14:40:42.350 [main] CRUDWithLombok - The expected status should be active and we fount active
[DEBUG] 2023-03-11 14:41:34.142 [main] CRUDWithLombok - The expected status should be active and we fount active
[INFO ] 2023-03-11 15:24:12.115 [main] ReadingFromExcelFile - First name from the first cell is Tech Global
[INFO ] 2023-03-11 15:27:39.922 [main] ReadingFromExcelFile - First name from the first cell is Tech Global
[INFO ] 2023-03-11 15:27:39.929 [main] ReadingFromExcelFile - Second id value is 2
[INFO ] 2023-03-11 15:30:09.084 [main] ReadingFromExcelFile - First name from the first cell is Tech Global
[INFO ] 2023-03-11 15:30:09.088 [main] ReadingFromExcelFile - Second id value is 2
[INFO ] 2023-03-11 15:30:09.089 [main] ReadingFromExcelFile - The last row number is 2
[INFO ] 2023-03-11 15:33:52.661 [main] ReadingFromExcelFile - First name from the first cell is Tech Global
[INFO ] 2023-03-11 15:33:52.666 [main] ReadingFromExcelFile - Second id value is 2
[INFO ] 2023-03-11 15:33:52.666 [main] ReadingFromExcelFile - The last row number is 2
[INFO ] 2023-03-11 15:33:52.667 [main] ReadingFromExcelFile - The last cell number is 4
[INFO ] 2023-03-11 15:43:45.327 [main] ReadingFromExcelFile - First name from the first cell is Tech Global
[INFO ] 2023-03-11 15:43:45.330 [main] ReadingFromExcelFile - Second id value is 2
[INFO ] 2023-03-11 15:43:45.330 [main] ReadingFromExcelFile - The last row number is 2
[INFO ] 2023-03-11 15:43:45.330 [main] ReadingFromExcelFile - The last cell number is 4
[INFO ] 2023-03-11 15:44:57.476 [main] ReadingFromExcelFile - First name from the first cell is Tech Global
[INFO ] 2023-03-11 15:44:57.479 [main] ReadingFromExcelFile - Second id value is 2
[INFO ] 2023-03-11 15:44:57.479 [main] ReadingFromExcelFile - The last row number is 2
[INFO ] 2023-03-11 15:44:57.479 [main] ReadingFromExcelFile - The last cell number is 4
[INFO ] 2023-03-11 15:45:21.503 [main] ReadingFromExcelFile - First name from the first cell is Tech Global
[INFO ] 2023-03-11 15:45:21.506 [main] ReadingFromExcelFile - Second id value is 2
[INFO ] 2023-03-11 15:45:21.506 [main] ReadingFromExcelFile - The last row number is 2
[INFO ] 2023-03-11 15:45:21.506 [main] ReadingFromExcelFile - The last cell number is 4
[INFO ] 2023-03-11 20:08:12.652 [main] TG - Beginning of the test
[INFO ] 2023-03-11 20:13:55.360 [main] TG - Beginning of the test
[DEBUG] 2023-03-11 20:13:58.559 [main] TG - The expected first name is Daron and we fount Daron
[DEBUG] 2023-03-11 20:13:58.560 [main] TG - The expected last name is Marvin and we fount Marvin
[DEBUG] 2023-03-11 20:13:58.560 [main] TG - The expected email is DaronMarvin@gmail.com and we fount DaronMarvin@gmail.com
[DEBUG] 2023-03-11 20:13:58.560 [main] TG - The expected dob is 1980-09-23 and we fount 1980-09-23
[INFO ] 2023-03-12 01:20:23.395 [main] Companies - First table header is company id
[INFO ] 2023-03-12 01:20:23.398 [main] Companies - First company name is Apple
[INFO ] 2023-03-12 01:20:23.398 [main] Companies - Google's revenue is 257
[INFO ] 2023-03-12 01:20:23.398 [main] Companies - Sony's number of employees is 108900
[INFO ] 2023-03-12 01:20:23.398 [main] Companies - The last row number is 5
[INFO ] 2023-03-12 01:20:23.399 [main] Companies - The last cell number is 5
[INFO ] 2023-03-12 01:25:03.727 [main] Companies - First table header is 'company id'
[INFO ] 2023-03-12 01:25:03.731 [main] Companies - First company name is 'Apple'
[INFO ] 2023-03-12 01:25:03.731 [main] Companies - Google's revenue is $257 billion
[INFO ] 2023-03-12 01:25:03.731 [main] Companies - Sony's number of employees is 108900 people
[INFO ] 2023-03-12 01:25:03.731 [main] Companies - The last row number is 5
[INFO ] 2023-03-12 01:25:03.731 [main] Companies - The last cell number is 5
[INFO ] 2023-03-12 01:32:40.331 [main] Companies - First table header is 'company id'
[INFO ] 2023-03-12 01:32:40.334 [main] Companies - First company name is 'Apple'
[INFO ] 2023-03-12 01:32:40.335 [main] Companies - Google's revenue is $257 billion
[INFO ] 2023-03-12 01:32:40.335 [main] Companies - Sony's number of employees is 108900 people
[INFO ] 2023-03-12 01:32:40.335 [main] Companies - The last row number is 5
[INFO ] 2023-03-12 01:32:40.335 [main] Companies - The last cell number is 5
